0        : [INFO]   - CollegeSource Inc. uachieve-server 4.3.0.4 06/06/2016 12:18 PM initial entry.  JobID: 2017030214194654   Mar 2, 2017 2:19:47 PM
0        : [INFO]   - u.achieve Server Location:  

0        : [INFO]   - Environment Details:
OS Name   : AIX
OS Version: 6.1
OS Arch   : ppc64
Java Vers : 1.7.0
Java Vend : IBM Corporation
Java Home :/usr/java71_64/jre

0        : [INFO]   - Server Lib  Details:
DB2Jcc4-4.14.111.jar
antlr-2.7.6.jar
aopalliance-1.0.jar
asm-4.0.jar
aspectjweaver-1.6.8.jar
c3p0-0.9.1.2.jar
cglib-nodep-2.2.jar
commons-beanutils-1.8.0.jar
commons-collections-3.2.2.jar
commons-dbcp-1.2.jar
commons-lang-2.4.jar
commons-logging-1.0.4.jar
commons-net-1.4.1.jar
commons-pool-1.1.jar
dbtools-4.3.jar
dom4j-1.6.1.jar
ehcache-core-2.4.3.jar
flying-saucer-core-9.0.1.jar
flying-saucer-pdf-9.0.1.jar
freemarker-2.3.20.jar
guava-13.0.1.jar
hibernate-commons-annotations-4.0.1.Final.jar
hibernate-core-3.5.6-Final.jar
hibernate-ehcache-3.5.6-Final.jar
hibernate-jpa-2.0-api-1.0.0.Final.jar
hibernate-validator-3.1.0.GA.jar
itext-4.2.0.jar
javassist-3.13.0.GA.jar
jboss-logging-3.1.0.GA.jar
jboss-transaction-api_1.1_spec-1.0.0.Final.jar
jta-1.1.jar
log4j-1.2.15.jar
quartz-1.8.3.jar
redlantern-commons-model-1.0.1.jar
redlantern-interfaces-4.0.10.jar
regwizard-api-0.9.9.8.2.jar
slf4j-api-1.7.2.jar
slf4j-log4j12-1.7.2.jar
spring-aop-3.1.4.RELEASE.jar
spring-asm-3.1.4.RELEASE.jar
spring-beans-3.1.4.RELEASE.jar
spring-context-3.1.4.RELEASE.jar
spring-context-support-3.1.4.RELEASE.jar
spring-core-3.1.4.RELEASE.jar
spring-expression-3.1.4.RELEASE.jar
spring-jdbc-3.1.4.RELEASE.jar
spring-orm-3.1.4.RELEASE.jar
spring-test-3.1.4.RELEASE.jar
spring-tx-3.1.4.RELEASE.jar
uachieve-apis-4.3.0.4.jar
uachieve-auditreport-4.3.0.4.jar
uachieve-server-4.3.0.4.jar
uachieve-slayer-4.3.0.4.jar
util.jar-1.0.jar
xpp3_min-1.1.4c.jar
xstream-1.3.1.jar

1        : [INFO]   - Preparing to load Grade Table for key: ONL   72 002365 []
18       : [INFO]   - Preparing to load Convert Table for key: ONL   72 002365 []
80       : [INFO]   - Convert Table built with 640 entries.  Key: ONL   72 002365 []
80       : [INFO]   - Preparing to load String Table for key: ONL   72 002365 []
499      : [INFO]   - String Table built with 997 entries.  Key: ONL   72 002365 []
499      : [INFO]   - Preparing to load Repeat Table for key: ONL   72 002365 []
570      : [INFO]   - Repeat Table built with 664 entries.  Key: ONL   72 002365 []
573      : [INFO]   - Process Audit Request: JobQueueDetail [jobQueueList=null, stuno=820940210, status=null, evalsw=S]
675      : [INFO]   - Student data retrieved from uachieve tables for 72, 002365, 820940210
711      : [INFO]   - 1 exceptions ready for processing
771      : [INFO]   - 48 courses ready for processing
773      : [INFO]   - Attempting to find degree program: uachieve.apis.requirement.DprogPK@149c69e0 [instidq='72' instid='002365' instcd='' dprog='BSBU' dpfyt='201340' ]
794      : [INFO]   - Attempting to find degree program: uachieve.apis.requirement.DprogPK@b0e5156f [instidq='72' instid='002365' instcd='' dprog='BSBUFIN' dpfyt='201340' ]
802      : [INFO]   - Program: InstitutionKey [instidq=72, instid=002365, instcd=] BSBU 201340 - 201420  Mask:                  Type:    Status: production
972      : [ERROR]  -    BQ34E: NO COPY COURSE LIST: GLOBAL   .  SKIPPED
1647     : [INFO]   - 48 courses prepared for audit processing.
2692     : [INFO]   - Report generated @ 102221 bytes
2692     : [INFO]   - Saving only the audit report... 
2763     : [INFO]   - Audit successfully saved to database: intSeqNo=[89067206] jobid=[2017030214194654]
