0        : [INFO]   - CollegeSource Inc. uachieve-server 4.3.0.4 06/06/2016 12:18 PM initial entry.  JobID: 2017030214285389   Mar 2, 2017 2:28:54 PM
0        : [INFO]   - u.achieve Server Location:  

0        : [INFO]   - Environment Details:
OS Name   : AIX
OS Version: 6.1
OS Arch   : ppc64
Java Vers : 1.7.0
Java Vend : IBM Corporation
Java Home :/usr/java71_64/jre

0        : [INFO]   - Server Lib  Details:
DB2Jcc4-4.14.111.jar
antlr-2.7.6.jar
aopalliance-1.0.jar
asm-4.0.jar
aspectjweaver-1.6.8.jar
c3p0-0.9.1.2.jar
cglib-nodep-2.2.jar
commons-beanutils-1.8.0.jar
commons-collections-3.2.2.jar
commons-dbcp-1.2.jar
commons-lang-2.4.jar
commons-logging-1.0.4.jar
commons-net-1.4.1.jar
commons-pool-1.1.jar
dbtools-4.3.jar
dom4j-1.6.1.jar
ehcache-core-2.4.3.jar
flying-saucer-core-9.0.1.jar
flying-saucer-pdf-9.0.1.jar
freemarker-2.3.20.jar
guava-13.0.1.jar
hibernate-commons-annotations-4.0.1.Final.jar
hibernate-core-3.5.6-Final.jar
hibernate-ehcache-3.5.6-Final.jar
hibernate-jpa-2.0-api-1.0.0.Final.jar
hibernate-validator-3.1.0.GA.jar
itext-4.2.0.jar
javassist-3.13.0.GA.jar
jboss-logging-3.1.0.GA.jar
jboss-transaction-api_1.1_spec-1.0.0.Final.jar
jta-1.1.jar
log4j-1.2.15.jar
quartz-1.8.3.jar
redlantern-commons-model-1.0.1.jar
redlantern-interfaces-4.0.10.jar
regwizard-api-0.9.9.8.2.jar
slf4j-api-1.7.2.jar
slf4j-log4j12-1.7.2.jar
spring-aop-3.1.4.RELEASE.jar
spring-asm-3.1.4.RELEASE.jar
spring-beans-3.1.4.RELEASE.jar
spring-context-3.1.4.RELEASE.jar
spring-context-support-3.1.4.RELEASE.jar
spring-core-3.1.4.RELEASE.jar
spring-expression-3.1.4.RELEASE.jar
spring-jdbc-3.1.4.RELEASE.jar
spring-orm-3.1.4.RELEASE.jar
spring-test-3.1.4.RELEASE.jar
spring-tx-3.1.4.RELEASE.jar
uachieve-apis-4.3.0.4.jar
uachieve-auditreport-4.3.0.4.jar
uachieve-server-4.3.0.4.jar
uachieve-slayer-4.3.0.4.jar
util.jar-1.0.jar
xpp3_min-1.1.4c.jar
xstream-1.3.1.jar

1        : [INFO]   - Preparing to load Grade Table for key: ONL   72 002365 []
19       : [INFO]   - Preparing to load Convert Table for key: ONL   72 002365 []
78       : [INFO]   - Convert Table built with 640 entries.  Key: ONL   72 002365 []
78       : [INFO]   - Preparing to load String Table for key: ONL   72 002365 []
339      : [INFO]   - String Table built with 997 entries.  Key: ONL   72 002365 []
339      : [INFO]   - Preparing to load Repeat Table for key: ONL   72 002365 []
415      : [INFO]   - Repeat Table built with 664 entries.  Key: ONL   72 002365 []
429      : [INFO]   - Process Audit Request: JobQueueDetail [jobQueueList=null, stuno=841729033, status=null, evalsw=S]
505      : [INFO]   - Student data retrieved from uachieve tables for 72, 002365, 841729033
526      : [INFO]   - 0 exceptions ready for processing
542      : [INFO]   - 3 courses ready for processing
543      : [INFO]   - Attempting to find degree program: uachieve.apis.requirement.DprogPK@149c7887 [instidq='72' instid='002365' instcd='' dprog='BSBU' dpfyt='201710' ]
561      : [INFO]   - Attempting to find degree program: uachieve.apis.requirement.DprogPK@876a5a87 [instidq='72' instid='002365' instcd='' dprog='BSBU0000' dpfyt='201710' ]
563      : [ERROR]  - BQ01S: No degree program found matching:                    INST{ IDQ [72] ID [002365  ] CD [   ]}                      DPROG [BSBU0000       ] CATLYT [201710]
564      : [ERROR]  -   ST uachieve.server.rules.program.ProgramTable:400
564      : [ERROR]  -   ST uachieve.server.rules.program.ProgramTable:147
564      : [ERROR]  -   ST uachieve.server.rules.program.ProgramTable:294
564      : [ERROR]  -   ST uachieve.server.rules.program.ProgramTable:217
564      : [ERROR]  -   ST uachieve.server.rules.program.ProgramTable:174
565      : [ERROR]  -   ST uachieve.server.rules.program.ProgramTable:97
565      : [ERROR]  -   ST uachieve.server.rules.program.ProgramTable:73
565      : [ERROR]  -   ST uachieve.server.rules.program.ProgramTable:62
565      : [ERROR]  -   ST uachieve.server.rules.program.ProgramLoader:53
566      : [ERROR]  -   ST java.lang.Thread:857
695      : [ERROR]  -      BQ01S: No degree program found matching:                    INST{ IDQ [72] ID [002365  ] CD [   ]}                      DPROG [BSBU0000       ] CATLYT [201710]
701      : [ERROR]  -   [STACKTRACE]  uachieve.server.rules.program.ProgramTable:400
701      : [ERROR]  -   [STACKTRACE]  uachieve.server.rules.program.ProgramTable:147
702      : [ERROR]  -   [STACKTRACE]  uachieve.server.rules.program.ProgramTable:294
702      : [ERROR]  -   [STACKTRACE]  uachieve.server.rules.program.ProgramTable:217
702      : [ERROR]  -   [STACKTRACE]  uachieve.server.rules.program.ProgramTable:174
703      : [ERROR]  -   [STACKTRACE]  uachieve.server.rules.program.ProgramTable:97
703      : [ERROR]  -   [STACKTRACE]  uachieve.server.rules.program.ProgramTable:73
703      : [ERROR]  -   [STACKTRACE]  uachieve.server.rules.program.ProgramTable:62
704      : [ERROR]  -   [STACKTRACE]  uachieve.server.rules.program.ProgramLoader:53
704      : [ERROR]  -   [STACKTRACE]  java.lang.Thread:857
706      : [INFO]   - Audit exiting with errors.
706      : [INFO]   -      BQ01S: No degree program found matching:                    INST{ IDQ [72] ID [002365  ] CD [   ]}                      DPROG [BSBU0000       ] CATLYT [201710]
706      : [INFO]   -   [STACKTRACE]  uachieve.server.rules.program.ProgramTable:400
707      : [INFO]   -   [STACKTRACE]  uachieve.server.rules.program.ProgramTable:147
707      : [INFO]   -   [STACKTRACE]  uachieve.server.rules.program.ProgramTable:294
707      : [INFO]   -   [STACKTRACE]  uachieve.server.rules.program.ProgramTable:217
707      : [INFO]   -   [STACKTRACE]  uachieve.server.rules.program.ProgramTable:174
707      : [INFO]   -   [STACKTRACE]  uachieve.server.rules.program.ProgramTable:97
707      : [INFO]   -   [STACKTRACE]  uachieve.server.rules.program.ProgramTable:73
707      : [INFO]   -   [STACKTRACE]  uachieve.server.rules.program.ProgramTable:62
707      : [INFO]   -   [STACKTRACE]  uachieve.server.rules.program.ProgramLoader:53
707      : [INFO]   -   [STACKTRACE]  java.lang.Thread:857
708      : [INFO]   - Error Report generated @ 511 bytes
708      : [INFO]   - Saving audit without text tables... 
729      : [INFO]   - Audit successfully saved to database: intSeqNo=[89067208] jobid=[2017030214285389]
