0        : [INFO]   - CollegeSource Inc. uachieve-server 4.3.0.4 06/06/2016 12:18 PM initial entry.  JobID: 2017030711153220   Mar 7, 2017 11:15:34 AM
0        : [INFO]   - u.achieve Server Location:  

0        : [INFO]   - Environment Details:
OS Name   : AIX
OS Version: 6.1
OS Arch   : ppc64
Java Vers : 1.7.0
Java Vend : IBM Corporation
Java Home :/usr/java71_64/jre

0        : [INFO]   - Server Lib  Details:
DB2Jcc4-4.14.111.jar
antlr-2.7.6.jar
aopalliance-1.0.jar
asm-4.0.jar
aspectjweaver-1.6.8.jar
c3p0-0.9.1.2.jar
cglib-nodep-2.2.jar
commons-beanutils-1.8.0.jar
commons-collections-3.2.2.jar
commons-dbcp-1.2.jar
commons-lang-2.4.jar
commons-logging-1.0.4.jar
commons-net-1.4.1.jar
commons-pool-1.1.jar
dbtools-4.3.jar
dom4j-1.6.1.jar
ehcache-core-2.4.3.jar
flying-saucer-core-9.0.1.jar
flying-saucer-pdf-9.0.1.jar
freemarker-2.3.20.jar
guava-13.0.1.jar
hibernate-commons-annotations-4.0.1.Final.jar
hibernate-core-3.5.6-Final.jar
hibernate-ehcache-3.5.6-Final.jar
hibernate-jpa-2.0-api-1.0.0.Final.jar
hibernate-validator-3.1.0.GA.jar
itext-4.2.0.jar
javassist-3.13.0.GA.jar
jboss-logging-3.1.0.GA.jar
jboss-transaction-api_1.1_spec-1.0.0.Final.jar
jta-1.1.jar
log4j-1.2.15.jar
quartz-1.8.3.jar
redlantern-commons-model-1.0.1.jar
redlantern-interfaces-4.0.10.jar
regwizard-api-0.9.9.8.2.jar
slf4j-api-1.7.2.jar
slf4j-log4j12-1.7.2.jar
spring-aop-3.1.4.RELEASE.jar
spring-asm-3.1.4.RELEASE.jar
spring-beans-3.1.4.RELEASE.jar
spring-context-3.1.4.RELEASE.jar
spring-context-support-3.1.4.RELEASE.jar
spring-core-3.1.4.RELEASE.jar
spring-expression-3.1.4.RELEASE.jar
spring-jdbc-3.1.4.RELEASE.jar
spring-orm-3.1.4.RELEASE.jar
spring-test-3.1.4.RELEASE.jar
spring-tx-3.1.4.RELEASE.jar
uachieve-apis-4.3.0.4.jar
uachieve-auditreport-4.3.0.4.jar
uachieve-server-4.3.0.4.jar
uachieve-slayer-4.3.0.4.jar
util.jar-1.0.jar
xpp3_min-1.1.4c.jar
xstream-1.3.1.jar

0        : [INFO]   - Preparing to load Grade Table for key: ONL   72 002365 []
18       : [INFO]   - Preparing to load Convert Table for key: ONL   72 002365 []
59       : [INFO]   - Convert Table built with 640 entries.  Key: ONL   72 002365 []
59       : [INFO]   - Preparing to load String Table for key: ONL   72 002365 []
310      : [INFO]   - String Table built with 997 entries.  Key: ONL   72 002365 []
310      : [INFO]   - Preparing to load Repeat Table for key: ONL   72 002365 []
356      : [INFO]   - Repeat Table built with 664 entries.  Key: ONL   72 002365 []
359      : [INFO]   - Process Audit Request: JobQueueDetail [jobQueueList=null, stuno=813867190, status=null, evalsw=S]
418      : [INFO]   - Student data retrieved from uachieve tables for 72, 002365, 813867190
430      : [INFO]   - 0 exceptions ready for processing
465      : [INFO]   - 37 courses ready for processing
466      : [INFO]   - Attempting to find degree program: uachieve.apis.requirement.DprogPK@10195048 [instidq='72' instid='002365' instcd='' dprog='BA' dpfyt='201440' ]
514      : [INFO]   - Program: InstitutionKey [instidq=72, instid=002365, instcd=] BA 201340 - 999999  Mask:                  Type:    Status: production
1063     : [INFO]   - 37 courses prepared for audit processing.
1622     : [INFO]   - Report generated @ 94495 bytes
1622     : [INFO]   - Saving entire audit... 
2367     : [INFO]   - Audit successfully saved to database: intSeqNo=[89067229] jobid=[2017030711153220]
2369     : [INFO]   - 0 exceptions ready for processing
2370     : [INFO]   - Attempting to find degree program: uachieve.apis.requirement.DprogPK@5745852 [instidq='72' instid='002365' instcd='' dprog='BSMEME' dpfyt='201440' ]
2389     : [INFO]   - Program: InstitutionKey [instidq=72, instid=002365, instcd=] BSMEME 201340 - 999999  Mask:                  Type:    Status: production
2846     : [ERROR]  - BQ09S: No requirement found matching ReqMainPK [instidq=72, instid=002365  , instcd=   , rname=MEMJRCRS , rqfyt=201440]
2848     : [ERROR]  - BQ09S: No requirement found matching ReqMainPK [instidq=72, instid=002365  , instcd=   , rname=MEMJRCRS , rqfyt=201440]
2848     : [ERROR]  -   ST uachieve.server.rules.requirement.RequirementTable:452
2848     : [ERROR]  -   ST uachieve.server.rules.requirement.RequirementTable:122
2848     : [ERROR]  -   ST uachieve.server.rules.program.ProgramLoader:57
2848     : [ERROR]  -   ST java.lang.Thread:857
2913     : [ERROR]  -      java.lang.IllegalStateException: BQ09S: No requirement found matching ReqMainPK [instidq=72, instid=002365  , instcd=   , rname=MEMJRCRS , rqfyt=201440]
2921     : [ERROR]  -      Caused By: BQ09S: No requirement found matching ReqMainPK [instidq=72, instid=002365  , instcd=   , rname=MEMJRCRS , rqfyt=201440]
2921     : [ERROR]  -   [STACKTRACE]  uachieve.server.control.Controller:604
2921     : [ERROR]  -   [STACKTRACE]  uachieve.server.control.Controller:370
2921     : [ERROR]  -   [STACKTRACE]  uachieve.server.control.Controller:266
2922     : [ERROR]  -   [STACKTRACE]  uachieve.daemon.control.AuditRequestRunnable:56
2922     : [ERROR]  -   [STACKTRACE]  uachieve.daemon.control.ControllerFacade:124
2922     : [ERROR]  -   [STACKTRACE]  uachieve.daemon.AuditProcessor:79
2922     : [ERROR]  -   [STACKTRACE]  java.util.concurrent.ThreadPoolExecutor:1177
2922     : [ERROR]  -   [STACKTRACE]  java.util.concurrent.ThreadPoolExecutor$Worker:642
2923     : [ERROR]  -   [STACKTRACE]  java.lang.Thread:857
2923     : [ERROR]  -   [STACKTRACE]-[CAUSE]   uachieve.server.rules.requirement.RequirementTable:452
2923     : [ERROR]  -   [STACKTRACE]-[CAUSE]   uachieve.server.rules.requirement.RequirementTable:122
2923     : [ERROR]  -   [STACKTRACE]-[CAUSE]   uachieve.server.rules.program.ProgramLoader:57
2923     : [ERROR]  -   [STACKTRACE]-[CAUSE]   java.lang.Thread:857
2925     : [INFO]   - Audit exiting with errors.
2925     : [INFO]   -      java.lang.IllegalStateException: BQ09S: No requirement found matching ReqMainPK [instidq=72, instid=002365  , instcd=   , rname=MEMJRCRS , rqfyt=201440]
2925     : [INFO]   -      Caused By: BQ09S: No requirement found matching ReqMainPK [instidq=72, instid=002365  , instcd=   , rname=MEMJRCRS , rqfyt=201440]
2925     : [INFO]   -   [STACKTRACE]  uachieve.server.control.Controller:604
2925     : [INFO]   -   [STACKTRACE]  uachieve.server.control.Controller:370
2925     : [INFO]   -   [STACKTRACE]  uachieve.server.control.Controller:266
2925     : [INFO]   -   [STACKTRACE]  uachieve.daemon.control.AuditRequestRunnable:56
2926     : [INFO]   -   [STACKTRACE]  uachieve.daemon.control.ControllerFacade:124
2926     : [INFO]   -   [STACKTRACE]  uachieve.daemon.AuditProcessor:79
2926     : [INFO]   -   [STACKTRACE]  java.util.concurrent.ThreadPoolExecutor:1177
2926     : [INFO]   -   [STACKTRACE]  java.util.concurrent.ThreadPoolExecutor$Worker:642
2926     : [INFO]   -   [STACKTRACE]  java.lang.Thread:857
2926     : [INFO]   -   [STACKTRACE]-[CAUSE]   uachieve.server.rules.requirement.RequirementTable:452
2926     : [INFO]   -   [STACKTRACE]-[CAUSE]   uachieve.server.rules.requirement.RequirementTable:122
2926     : [INFO]   -   [STACKTRACE]-[CAUSE]   uachieve.server.rules.program.ProgramLoader:57
2926     : [INFO]   -   [STACKTRACE]-[CAUSE]   java.lang.Thread:857
2926     : [INFO]   - Error Report generated @ 640 bytes
2926     : [INFO]   - Saving audit without text tables... 
2935     : [INFO]   - Audit successfully saved to database: intSeqNo=[89067230] jobid=[2017030711153220]
