0        : [INFO]   - CollegeSource Inc. uachieve-server 4.3.0.4 06/06/2016 12:18 PM initial entry.  JobID: 2017030914505399   Mar 9, 2017 2:50:55 PM
1        : [INFO]   - u.achieve Server Location:  

1        : [INFO]   - Environment Details:
OS Name   : AIX
OS Version: 6.1
OS Arch   : ppc64
Java Vers : 1.7.0
Java Vend : IBM Corporation
Java Home :/usr/java71_64/jre

1        : [INFO]   - Server Lib  Details:
DB2Jcc4-4.14.111.jar
antlr-2.7.6.jar
aopalliance-1.0.jar
asm-4.0.jar
aspectjweaver-1.6.8.jar
c3p0-0.9.1.2.jar
cglib-nodep-2.2.jar
commons-beanutils-1.8.0.jar
commons-collections-3.2.2.jar
commons-dbcp-1.2.jar
commons-lang-2.4.jar
commons-logging-1.0.4.jar
commons-net-1.4.1.jar
commons-pool-1.1.jar
dbtools-4.3.jar
dom4j-1.6.1.jar
ehcache-core-2.4.3.jar
flying-saucer-core-9.0.1.jar
flying-saucer-pdf-9.0.1.jar
freemarker-2.3.20.jar
guava-13.0.1.jar
hibernate-commons-annotations-4.0.1.Final.jar
hibernate-core-3.5.6-Final.jar
hibernate-ehcache-3.5.6-Final.jar
hibernate-jpa-2.0-api-1.0.0.Final.jar
hibernate-validator-3.1.0.GA.jar
itext-4.2.0.jar
javassist-3.13.0.GA.jar
jboss-logging-3.1.0.GA.jar
jboss-transaction-api_1.1_spec-1.0.0.Final.jar
jta-1.1.jar
log4j-1.2.15.jar
quartz-1.8.3.jar
redlantern-commons-model-1.0.1.jar
redlantern-interfaces-4.0.10.jar
regwizard-api-0.9.9.8.2.jar
slf4j-api-1.7.2.jar
slf4j-log4j12-1.7.2.jar
spring-aop-3.1.4.RELEASE.jar
spring-asm-3.1.4.RELEASE.jar
spring-beans-3.1.4.RELEASE.jar
spring-context-3.1.4.RELEASE.jar
spring-context-support-3.1.4.RELEASE.jar
spring-core-3.1.4.RELEASE.jar
spring-expression-3.1.4.RELEASE.jar
spring-jdbc-3.1.4.RELEASE.jar
spring-orm-3.1.4.RELEASE.jar
spring-test-3.1.4.RELEASE.jar
spring-tx-3.1.4.RELEASE.jar
uachieve-apis-4.3.0.4.jar
uachieve-auditreport-4.3.0.4.jar
uachieve-server-4.3.0.4.jar
uachieve-slayer-4.3.0.4.jar
util.jar-1.0.jar
xpp3_min-1.1.4c.jar
xstream-1.3.1.jar

1        : [INFO]   - Preparing to load Grade Table for key: COM   72 002365 []
19       : [INFO]   - Preparing to load Convert Table for key: COM   72 002365 []
57       : [INFO]   - Convert Table built with 640 entries.  Key: COM   72 002365 []
57       : [INFO]   - Preparing to load String Table for key: COM   72 002365 []
284      : [INFO]   - String Table built with 997 entries.  Key: COM   72 002365 []
284      : [INFO]   - Preparing to load Repeat Table for key: COM   72 002365 []
333      : [INFO]   - Repeat Table built with 664 entries.  Key: COM   72 002365 []
335      : [INFO]   - Process Audit Request: JobQueueDetail [jobQueueList=null, stuno=820798059, status=null, evalsw=S]
423      : [INFO]   - Student data retrieved from uachieve tables for 72, 002365, 820798059
429      : [INFO]   - No Programs found for the student
430      : [INFO]   - 0 exceptions ready for processing
471      : [INFO]   - 30 courses ready for processing
473      : [INFO]   - Attempting to find degree program: uachieve.apis.requirement.DprogPK@85790beb [instidq='72' instid='002365' instcd='' dprog='BSIBESENG' dpfyt='201440' ]
486      : [INFO]   - Program: InstitutionKey [instidq=72, instid=002365, instcd=] BSIBESENG 201340 - 999999  Mask:                  Type:    Status: production
988      : [INFO]   - 30 courses prepared for audit processing.
1280     : [INFO]   - Report generated @ 98363 bytes
1281     : [INFO]   - Saving entire audit... 
1913     : [INFO]   - Audit successfully saved to database: intSeqNo=[89067380] jobid=[2017030914505399]
