0        : [INFO]   - CollegeSource Inc. uachieve-server 4.3.0.4 06/06/2016 12:18 PM initial entry.  JobID: 2017031010573082   Mar 10, 2017 10:57:33 AM
0        : [INFO]   - u.achieve Server Location:  

0        : [INFO]   - Environment Details:
OS Name   : AIX
OS Version: 6.1
OS Arch   : ppc64
Java Vers : 1.7.0
Java Vend : IBM Corporation
Java Home :/usr/java71_64/jre

0        : [INFO]   - Server Lib  Details:
DB2Jcc4-4.14.111.jar
antlr-2.7.6.jar
aopalliance-1.0.jar
asm-4.0.jar
aspectjweaver-1.6.8.jar
c3p0-0.9.1.2.jar
cglib-nodep-2.2.jar
commons-beanutils-1.8.0.jar
commons-collections-3.2.2.jar
commons-dbcp-1.2.jar
commons-lang-2.4.jar
commons-logging-1.0.4.jar
commons-net-1.4.1.jar
commons-pool-1.1.jar
dbtools-4.3.jar
dom4j-1.6.1.jar
ehcache-core-2.4.3.jar
flying-saucer-core-9.0.1.jar
flying-saucer-pdf-9.0.1.jar
freemarker-2.3.20.jar
guava-13.0.1.jar
hibernate-commons-annotations-4.0.1.Final.jar
hibernate-core-3.5.6-Final.jar
hibernate-ehcache-3.5.6-Final.jar
hibernate-jpa-2.0-api-1.0.0.Final.jar
hibernate-validator-3.1.0.GA.jar
itext-4.2.0.jar
javassist-3.13.0.GA.jar
jboss-logging-3.1.0.GA.jar
jboss-transaction-api_1.1_spec-1.0.0.Final.jar
jta-1.1.jar
log4j-1.2.15.jar
quartz-1.8.3.jar
redlantern-commons-model-1.0.1.jar
redlantern-interfaces-4.0.10.jar
regwizard-api-0.9.9.8.2.jar
slf4j-api-1.7.2.jar
slf4j-log4j12-1.7.2.jar
spring-aop-3.1.4.RELEASE.jar
spring-asm-3.1.4.RELEASE.jar
spring-beans-3.1.4.RELEASE.jar
spring-context-3.1.4.RELEASE.jar
spring-context-support-3.1.4.RELEASE.jar
spring-core-3.1.4.RELEASE.jar
spring-expression-3.1.4.RELEASE.jar
spring-jdbc-3.1.4.RELEASE.jar
spring-orm-3.1.4.RELEASE.jar
spring-test-3.1.4.RELEASE.jar
spring-tx-3.1.4.RELEASE.jar
uachieve-apis-4.3.0.4.jar
uachieve-auditreport-4.3.0.4.jar
uachieve-server-4.3.0.4.jar
uachieve-slayer-4.3.0.4.jar
util.jar-1.0.jar
xpp3_min-1.1.4c.jar
xstream-1.3.1.jar

0        : [INFO]   - Preparing to load Grade Table for key: COM   72 002365 []
10       : [INFO]   - Preparing to load Convert Table for key: COM   72 002365 []
45       : [INFO]   - Convert Table built with 640 entries.  Key: COM   72 002365 []
45       : [INFO]   - Preparing to load String Table for key: COM   72 002365 []
262      : [INFO]   - String Table built with 997 entries.  Key: COM   72 002365 []
262      : [INFO]   - Preparing to load Repeat Table for key: COM   72 002365 []
302      : [INFO]   - Repeat Table built with 664 entries.  Key: COM   72 002365 []
304      : [INFO]   - Process Audit Request: JobQueueDetail [jobQueueList=null, stuno=812882301, status=null, evalsw=S]
437      : [INFO]   - Student data retrieved from uachieve tables for 72, 002365, 812882301
440      : [INFO]   - 0 exceptions ready for processing
459      : [INFO]   - 32 courses ready for processing
461      : [INFO]   - Attempting to find degree program: uachieve.apis.requirement.DprogPK@3ebe11c2 [instidq='72' instid='002365' instcd='' dprog='BSISEISE' dpfyt='201440' ]
466      : [INFO]   - Program: InstitutionKey [instidq=72, instid=002365, instcd=] BSISEISE 201340 - 999999  Mask:                  Type:    Status: production
945      : [INFO]   - 32 courses prepared for audit processing.
1415     : [INFO]   - Report generated @ 428113 bytes
1416     : [INFO]   - Saving entire audit... 
2407     : [INFO]   - Audit successfully saved to database: intSeqNo=[89067536] jobid=[2017031010573082]
2408     : [INFO]   - 0 exceptions ready for processing
2410     : [INFO]   - Attempting to find degree program: uachieve.apis.requirement.DprogPK@101952e2 [instidq='72' instid='002365' instcd='' dprog='BS' dpfyt='201440' ]
2414     : [INFO]   - Program: InstitutionKey [instidq=72, instid=002365, instcd=] BS 201340 - 999999  Mask:                  Type:    Status: production
2801     : [INFO]   - 32 courses prepared for audit processing.
3212     : [INFO]   - Report generated @ 390665 bytes
3212     : [INFO]   - Saving entire audit... 
4237     : [INFO]   - Audit successfully saved to database: intSeqNo=[89067537] jobid=[2017031010573082]
