0        : [INFO]   - CollegeSource Inc. uachieve-server 4.3.0.4 06/06/2016 12:18 PM initial entry.  JobID: 2017030712043934   Mar 7, 2017 12:04:40 PM
0        : [INFO]   - u.achieve Server Location:  

0        : [INFO]   - Environment Details:
OS Name   : AIX
OS Version: 6.1
OS Arch   : ppc64
Java Vers : 1.7.0
Java Vend : IBM Corporation
Java Home :/usr/java71_64/jre

0        : [INFO]   - Server Lib  Details:
DB2Jcc4-4.14.111.jar
antlr-2.7.6.jar
aopalliance-1.0.jar
asm-4.0.jar
aspectjweaver-1.6.8.jar
c3p0-0.9.1.2.jar
cglib-nodep-2.2.jar
commons-beanutils-1.8.0.jar
commons-collections-3.2.2.jar
commons-dbcp-1.2.jar
commons-lang-2.4.jar
commons-logging-1.0.4.jar
commons-net-1.4.1.jar
commons-pool-1.1.jar
dbtools-4.3.jar
dom4j-1.6.1.jar
ehcache-core-2.4.3.jar
flying-saucer-core-9.0.1.jar
flying-saucer-pdf-9.0.1.jar
freemarker-2.3.20.jar
guava-13.0.1.jar
hibernate-commons-annotations-4.0.1.Final.jar
hibernate-core-3.5.6-Final.jar
hibernate-ehcache-3.5.6-Final.jar
hibernate-jpa-2.0-api-1.0.0.Final.jar
hibernate-validator-3.1.0.GA.jar
itext-4.2.0.jar
javassist-3.13.0.GA.jar
jboss-logging-3.1.0.GA.jar
jboss-transaction-api_1.1_spec-1.0.0.Final.jar
jta-1.1.jar
log4j-1.2.15.jar
quartz-1.8.3.jar
redlantern-commons-model-1.0.1.jar
redlantern-interfaces-4.0.10.jar
regwizard-api-0.9.9.8.2.jar
slf4j-api-1.7.2.jar
slf4j-log4j12-1.7.2.jar
spring-aop-3.1.4.RELEASE.jar
spring-asm-3.1.4.RELEASE.jar
spring-beans-3.1.4.RELEASE.jar
spring-context-3.1.4.RELEASE.jar
spring-context-support-3.1.4.RELEASE.jar
spring-core-3.1.4.RELEASE.jar
spring-expression-3.1.4.RELEASE.jar
spring-jdbc-3.1.4.RELEASE.jar
spring-orm-3.1.4.RELEASE.jar
spring-test-3.1.4.RELEASE.jar
spring-tx-3.1.4.RELEASE.jar
uachieve-apis-4.3.0.4.jar
uachieve-auditreport-4.3.0.4.jar
uachieve-server-4.3.0.4.jar
uachieve-slayer-4.3.0.4.jar
util.jar-1.0.jar
xpp3_min-1.1.4c.jar
xstream-1.3.1.jar

0        : [INFO]   - Preparing to load Grade Table for key: ONL   72 002365 []
10       : [INFO]   - Preparing to load Convert Table for key: ONL   72 002365 []
49       : [INFO]   - Convert Table built with 640 entries.  Key: ONL   72 002365 []
49       : [INFO]   - Preparing to load String Table for key: ONL   72 002365 []
282      : [INFO]   - String Table built with 997 entries.  Key: ONL   72 002365 []
283      : [INFO]   - Preparing to load Repeat Table for key: ONL   72 002365 []
324      : [INFO]   - Repeat Table built with 664 entries.  Key: ONL   72 002365 []
326      : [INFO]   - Process Audit Request: JobQueueDetail [jobQueueList=null, stuno=895372392, status=null, evalsw=S]
386      : [INFO]   - Student data retrieved from uachieve tables for 72, 002365, 895372392
393      : [INFO]   - 0 exceptions ready for processing
416      : [INFO]   - 23 courses ready for processing
417      : [INFO]   - Attempting to find degree program: uachieve.apis.requirement.DprogPK@1b007cce [instidq='72' instid='002365' instcd='' dprog='BA  ANTH' dpfyt='201540' ]
433      : [INFO]   - Attempting to find degree program: uachieve.apis.requirement.DprogPK@15fab061 [instidq='72' instid='002365' instcd='' dprog='WMST' dpfyt='201540' ]
437      : [INFO]   - Program: InstitutionKey [instidq=72, instid=002365, instcd=] BA  ANTH 201340 - 999999  Mask:                  Type:    Status: production
759      : [ERROR]  - BQ09S: No requirement found matching ReqMainPK [instidq=72, instid=002365  , instcd=   , rname=WMSMINHDR, rqfyt=201540]
759      : [ERROR]  - BQ09S: No requirement found matching ReqMainPK [instidq=72, instid=002365  , instcd=   , rname=WMSMINHDR, rqfyt=201540]
760      : [ERROR]  -   ST uachieve.server.rules.requirement.RequirementTable:452
760      : [ERROR]  -   ST uachieve.server.rules.requirement.RequirementTable:122
760      : [ERROR]  -   ST uachieve.server.rules.program.ProgramLoader:57
760      : [ERROR]  -   ST java.lang.Thread:857
887      : [ERROR]  -      java.lang.IllegalStateException: BQ09S: No requirement found matching ReqMainPK [instidq=72, instid=002365  , instcd=   , rname=WMSMINHDR, rqfyt=201540]
888      : [ERROR]  -      Caused By: BQ09S: No requirement found matching ReqMainPK [instidq=72, instid=002365  , instcd=   , rname=WMSMINHDR, rqfyt=201540]
888      : [ERROR]  -   [STACKTRACE]  uachieve.server.control.Controller:572
888      : [ERROR]  -   [STACKTRACE]  uachieve.server.control.Controller:370
888      : [ERROR]  -   [STACKTRACE]  uachieve.server.control.Controller:266
888      : [ERROR]  -   [STACKTRACE]  uachieve.daemon.control.AuditRequestRunnable:56
888      : [ERROR]  -   [STACKTRACE]  uachieve.daemon.control.ControllerFacade:124
889      : [ERROR]  -   [STACKTRACE]  uachieve.daemon.AuditProcessor:79
889      : [ERROR]  -   [STACKTRACE]  java.util.concurrent.ThreadPoolExecutor:1177
889      : [ERROR]  -   [STACKTRACE]  java.util.concurrent.ThreadPoolExecutor$Worker:642
889      : [ERROR]  -   [STACKTRACE]  java.lang.Thread:857
889      : [ERROR]  -   [STACKTRACE]-[CAUSE]   uachieve.server.rules.requirement.RequirementTable:452
889      : [ERROR]  -   [STACKTRACE]-[CAUSE]   uachieve.server.rules.requirement.RequirementTable:122
889      : [ERROR]  -   [STACKTRACE]-[CAUSE]   uachieve.server.rules.program.ProgramLoader:57
889      : [ERROR]  -   [STACKTRACE]-[CAUSE]   java.lang.Thread:857
892      : [INFO]   - Audit exiting with errors.
892      : [INFO]   -      java.lang.IllegalStateException: BQ09S: No requirement found matching ReqMainPK [instidq=72, instid=002365  , instcd=   , rname=WMSMINHDR, rqfyt=201540]
892      : [INFO]   -      Caused By: BQ09S: No requirement found matching ReqMainPK [instidq=72, instid=002365  , instcd=   , rname=WMSMINHDR, rqfyt=201540]
892      : [INFO]   -   [STACKTRACE]  uachieve.server.control.Controller:572
892      : [INFO]   -   [STACKTRACE]  uachieve.server.control.Controller:370
892      : [INFO]   -   [STACKTRACE]  uachieve.server.control.Controller:266
892      : [INFO]   -   [STACKTRACE]  uachieve.daemon.control.AuditRequestRunnable:56
892      : [INFO]   -   [STACKTRACE]  uachieve.daemon.control.ControllerFacade:124
892      : [INFO]   -   [STACKTRACE]  uachieve.daemon.AuditProcessor:79
892      : [INFO]   -   [STACKTRACE]  java.util.concurrent.ThreadPoolExecutor:1177
892      : [INFO]   -   [STACKTRACE]  java.util.concurrent.ThreadPoolExecutor$Worker:642
892      : [INFO]   -   [STACKTRACE]  java.lang.Thread:857
892      : [INFO]   -   [STACKTRACE]-[CAUSE]   uachieve.server.rules.requirement.RequirementTable:452
892      : [INFO]   -   [STACKTRACE]-[CAUSE]   uachieve.server.rules.requirement.RequirementTable:122
892      : [INFO]   -   [STACKTRACE]-[CAUSE]   uachieve.server.rules.program.ProgramLoader:57
892      : [INFO]   -   [STACKTRACE]-[CAUSE]   java.lang.Thread:857
892      : [INFO]   - Error Report generated @ 640 bytes
892      : [INFO]   - Saving audit without text tables... 
899      : [INFO]   - Audit successfully saved to database: intSeqNo=[89067258] jobid=[2017030712043934]
